-------------------------------------------------------------------------------
Test set: edu.osu.cs362.TimeTable_ESTest
-------------------------------------------------------------------------------
Tests run: 10, Failures: 1, Errors: 0, Skipped: 0, Time elapsed: 0.397 sec <<< FAILURE! - in edu.osu.cs362.TimeTable_ESTest
test9(edu.osu.cs362.TimeTable_ESTest)  Time elapsed: 0.377 sec  <<< FAILURE!
java.lang.AssertionError: Expecting exception: TooManyResourcesException
	at org.junit.Assert.fail(Assert.java:88)
	at edu.osu.cs362.TimeTable_ESTest.test9(TimeTable_ESTest.java:155)

